make all --print-data-base --no-builtin-variables --no-builtin-rules --question
# GNU Make 4.3
# Built for x86_64-pc-linux-gnu
# Copyright (C) 1988-2020 Free Software Foundation, Inc.
# License GPLv3+: GNU GPL version 3 or later <http://gnu.org/licenses/gpl.html>
# This is free software: you are free to change and redistribute it.
# There is NO WARRANTY, to the extent permitted by law.
 

# Make data base, printed on Thu Aug 11 21:22:27 2022

# Variables

# environment
GDK_BACKEND = x11
# environment
LC_ALL = C
# environment
GNOME_SHELL_SESSION_MODE = ubuntu
# environment
SSH_AGENT_LAUNCHER = gnome-keyring
# environment
LC_NAME = en_US.UTF-8
# environment
LC_NUMERIC = en_US.UTF-8
# environment
VSCODE_CWD = /home/yiwangzhifeng
# makefile (from 'makefile', line 9)
LIBS := -lpthread
# environment
LC_ADDRESS = en_US.UTF-8
# default
MAKE_COMMAND := make
# environment
QT_ACCESSIBILITY = 1
# automatic
@D = $(patsubst %/,%,$(dir $@))
# environment
VSCODE_HANDLES_UNCAUGHT_ERRORS = true
# default
.VARIABLES := 
# environment
PWD = /home/yiwangzhifeng/Desktop/webserver
# automatic
%D = $(patsubst %/,%,$(dir $%))
# environment
XDG_DATA_DIRS = /usr/share/ubuntu:/usr/local/share/:/usr/share/:/var/lib/snapd/desktop
# automatic
^D = $(patsubst %/,%,$(dir $^))
# automatic
%F = $(notdir $%)
# environment
VSCODE_CODE_CACHE_PATH = /home/yiwangzhifeng/.config/Code/CachedData/da76f93349a72022ca4670c1b84860304616aaa2
# environment
LANG = C
# environment
XAUTHORITY = /run/user/1000/.mutter-Xwaylandauth.SQRMQ1
# default
.LOADED := 
# default
.INCLUDE_DIRS = /usr/local/include /usr/include /usr/include
# makefile
MAKEFLAGS = pqrR
# environment
DBUS_STARTER_ADDRESS = unix:path=/run/user/1000/bus,guid=6174eb5993fd87a286b3587162f4982b
# makefile
CURDIR := /home/yiwangzhifeng/Desktop/webserver
# environment
APPLICATION_INSIGHTS_NO_DIAGNOSTIC_CHANNEL = true
# environment
LESSOPEN = | /usr/bin/lesspipe %s
# automatic
*D = $(patsubst %/,%,$(dir $*))
# environment
MFLAGS = -pqrR
# environment
SSH_AUTH_SOCK = /run/user/1000/keyring/ssh
# default
.SHELLFLAGS := -c
# environment
WAYLAND_DISPLAY = wayland-0
# environment
XDG_CONFIG_DIRS = /etc/xdg/xdg-ubuntu:/etc/xdg
# automatic
+D = $(patsubst %/,%,$(dir $+))
# makefile (from 'makefile', line 16)
SUBTARGET2 := HTTPClient
# environment
XDG_SESSION_DESKTOP = ubuntu
# makefile (from 'makefile', line 1)
MAKEFILE_LIST := makefile
# automatic
@F = $(notdir $@)
# environment
VSCODE_PID = 18394
# environment
XDG_SESSION_TYPE = wayland
# automatic
?D = $(patsubst %/,%,$(dir $?))
# environment
SESSION_MANAGER = local/yiwangzhifeng-virtual-machine:@/tmp/.ICE-unix/1240,unix/yiwangzhifeng-virtual-machine:/tmp/.ICE-unix/1240
# automatic
*F = $(notdir $*)
# environment
CHROME_DESKTOP = code-url-handler.desktop
# environment
DBUS_SESSION_BUS_ADDRESS = unix:path=/run/user/1000/bus,guid=6174eb5993fd87a286b3587162f4982b
# makefile (from 'makefile', line 15)
SUBTARGET1 := LoggingTest
# automatic
<D = $(patsubst %/,%,$(dir $<))
# environment
VSCODE_NLS_CONFIG = {"locale":"zh-cn","availableLanguages":{"*":"zh-cn"},"_languagePackId":"08bdb29c43b4c03defdaaecc51ad48b6.zh-cn","_translationsConfigFile":"/home/yiwangzhifeng/.config/Code/clp/08bdb29c43b4c03defdaaecc51ad48b6.zh-cn/tcf.json","_cacheRoot":"/home/yiwangzhifeng/.config/Code/clp/08bdb29c43b4c03defdaaecc51ad48b6.zh-cn","_resolvedLanguagePackCoreLocation":"/home/yiwangzhifeng/.config/Code/clp/08bdb29c43b4c03defdaaecc51ad48b6.zh-cn/da76f93349a72022ca4670c1b84860304616aaa2","_corruptedFile":"/home/yiwangzhifeng/.config/Code/clp/08bdb29c43b4c03defdaaecc51ad48b6.zh-cn/corrupted.info","_languagePackSupport":true}
# makefile (from 'makefile', line 10)
INCLUDE := -I./usr/local/lib
# default
MAKE_HOST := x86_64-pc-linux-gnu
# makefile (from 'makefile', line 5)
OBJS := Channel.o Epoll.o EventLoop.o EventLoopThread.o EventLoopThreadPool.o HttpData.o Server.o Timer.o Util.o base/AsyncLogging.o base/FileUtil.o base/LogFile.o base/LogStream.o base/Logging.o base/Thread.o
# environment
GNOME_DESKTOP_SESSION_ID = this-is-deprecated
# makefile
SHELL = /bin/sh
# default
MAKECMDGOALS := all
# environment
XMODIFIERS = @im=ibus
# environment
SHLVL = 0
# environment
MAKELEVEL := 0
# environment
IM_CONFIG_CHECK_ENV = 1
# default
MAKE = $(MAKE_COMMAND)
# environment
PATH = /usr/local/sbin:/usr/local/bin:/usr/sbin:/usr/bin:/sbin:/bin:/usr/games:/usr/local/games:/snap/bin:/snap/bin
# default
MAKEFILES := 
# environment
LANGUAGE = zh_CN:en
# environment
LC_MONETARY = en_US.UTF-8
# automatic
^F = $(notdir $^)
# environment
LC_TIME = en_US.UTF-8
# environment
INVOCATION_ID = 59a48ba272a8477d9bbd8c5ece476bda
# environment
USERNAME = yiwangzhifeng
# environment
GNOME_SETUP_DISPLAY = :1
# environment
LC_TELEPHONE = en_US.UTF-8
# environment
LESSCLOSE = /usr/bin/lesspipe %s %s
# automatic
?F = $(notdir $?)
# environment
XDG_CURRENT_DESKTOP = Unity
# environment
LS_COLORS = 
# automatic
+F = $(notdir $+)
# environment
DESKTOP_SESSION = ubuntu
# environment
ORIGINAL_XDG_CURRENT_DESKTOP = ubuntu:GNOME
# 'override' directive
GNUMAKEFLAGS := 
# environment
LOGNAME = yiwangzhifeng
# environment
GIO_LAUNCHED_DESKTOP_FILE = /usr/share/applications/code.desktop
# makefile
.DEFAULT_GOAL := all
# environment
SYSTEMD_EXEC_PID = 1240
# 'override' directive (from 'makefile', line 4)
SOURCE := Channel.cpp Epoll.cpp EventLoop.cpp EventLoopThread.cpp EventLoopThreadPool.cpp HttpData.cpp Server.cpp Timer.cpp Util.cpp base/AsyncLogging.cpp base/FileUtil.cpp base/LogFile.cpp base/LogStream.cpp base/Logging.cpp base/Thread.cpp
# makefile (from 'makefile', line 2)
MAINSOURCE := Main.cpp base/tests/LoggingTest.cpp tests/HTTPClient.cpp
# environment
DISPLAY = :0
# environment
USER = yiwangzhifeng
# environment
GTK_MODULES = gail:atk-bridge
# default
MAKE_VERSION := 4.3
# environment
MANAGERPID = 1118
# environment
DBUS_STARTER_BUS_TYPE = session
# environment
LC_MEASUREMENT = en_US.UTF-8
# environment
GIO_LAUNCHED_DESKTOP_FILE_PID = 18394
# environment
_ = /usr/share/code/code
# environment
LC_PAPER = en_US.UTF-8
# environment
XDG_RUNTIME_DIR = /run/user/1000
# makefile (from 'makefile', line 11)
CFLAGS := -std=c++11 -g -Wall -O3 -D_PTHREADS
# environment
JOURNAL_STREAM = 8:41198
# environment
XDG_SESSION_CLASS = user
# environment
VSCODE_AMD_ENTRYPOINT = vs/workbench/api/node/extensionHostProcess
# environment
HOME = /home/yiwangzhifeng
# environment
QT_IM_MODULE = ibus
# environment
ELECTRON_RUN_AS_NODE = 1
# environment
VSCODE_IPC_HOOK = /run/user/1000/vscode-e5153983-1.70.0-main.sock
# environment
IM_CONFIG_PHASE = 1
# environment
PAPERSIZE = letter
# default
.RECIPEPREFIX := 
# automatic
<F = $(notdir $<)
# default
SUFFIXES := 
# makefile (from 'makefile', line 7)
TARGET := WebServer
# makefile (from 'makefile', line 12)
CXXFLAGS := -std=c++11 -g -Wall -O3 -D_PTHREADS
# default
.FEATURES := target-specific order-only second-expansion else-if shortest-stem undefine oneshell nocomment grouped-target extra-prereqs archives jobserver output-sync check-symlink load
# makefile (from 'makefile', line 8)
CC := g++
# environment
XDG_MENU_PREFIX = gnome-
# environment
GDMSESSION = ubuntu
# environment
LC_IDENTIFICATION = en_US.UTF-8
# variable set hash-table stats:
# Load=116/1024=11%, Rehash=0, Collisions=5/170=3%

# Pattern-specific Variable Values

# No pattern-specific variable values.

# Directories

# . (device 2051, inode 924985): 39 files, no impossibilities.
# tests: could not be stat'd.
# base (device 2051, inode 925032): 26 files, no impossibilities.

# 65 files, no impossibilities in 3 directories.

# Implicit Rules

# No implicit rules.

# Files

# Not a target:
Channel.o:
#  Implicit rule search has been done.
#  Last modified 2022-08-11 21:01:08.308318031
#  File has been updated.
#  Successfully updated.

LoggingTest: Channel.o Epoll.o EventLoop.o EventLoopThread.o EventLoopThreadPool.o HttpData.o Server.o Timer.o Util.o base/AsyncLogging.o base/FileUtil.o base/LogFile.o base/LogStream.o base/Logging.o base/Thread.o base/tests/LoggingTest.o
#  Implicit rule search has not been done.
#  Modification time never checked.
#  File has not been updated.
#  recipe to execute (from 'makefile', line 39):
	$(CC) $(CXXFLAGS) -o $@ $^ $(LDFLAGS) $(LIBS)

# Not a target:
base/Logging.o:
#  Implicit rule search has been done.
#  Last modified 2022-08-11 21:03:57.837229142
#  File has been updated.
#  Successfully updated.

debug:
#  Phony target (prerequisite of .PHONY).
#  Implicit rule search has not been done.
#  File does not exist.
#  File has not been updated.
#  recipe to execute (from 'makefile', line 32):
	@echo $(SOURCE)

WebServer: Channel.o Epoll.o EventLoop.o EventLoopThread.o EventLoopThreadPool.o HttpData.o Server.o Timer.o Util.o base/AsyncLogging.o base/FileUtil.o base/LogFile.o base/LogStream.o base/Logging.o base/Thread.o Main.o
#  Implicit rule search has not been done.
#  Implicit/static pattern stem: ''
#  File does not exist.
#  File has been updated.
#  Needs to be updated (-q is set).
# automatic
# @ := WebServer
# automatic
# * := 
# automatic
# < := Channel.o
# automatic
# + := Channel.o Epoll.o EventLoop.o EventLoopThread.o EventLoopThreadPool.o HttpData.o Server.o Timer.o Util.o base/AsyncLogging.o base/FileUtil.o base/LogFile.o base/LogStream.o base/Logging.o base/Thread.o Main.o
# automatic
# % := 
# automatic
# ^ := Channel.o Epoll.o EventLoop.o EventLoopThread.o EventLoopThreadPool.o HttpData.o Server.o Timer.o Util.o base/AsyncLogging.o base/FileUtil.o base/LogFile.o base/LogStream.o base/Logging.o base/Thread.o Main.o
# automatic
# ? := Channel.o Epoll.o EventLoop.o EventLoopThread.o EventLoopThreadPool.o HttpData.o Server.o Timer.o Util.o base/AsyncLogging.o base/FileUtil.o base/LogFile.o base/LogStream.o base/Logging.o base/Thread.o Main.o
# automatic
# | := 
# variable set hash-table stats:
# Load=8/32=25%, Rehash=0, Collisions=5/17=29%
#  recipe to execute (from 'makefile', line 35):
	$(CC) $(CXXFLAGS) -o $@ $^ $(LDFLAGS) $(LIBS)

objs: Channel.o Epoll.o EventLoop.o EventLoopThread.o EventLoopThreadPool.o HttpData.o Server.o Timer.o Util.o base/AsyncLogging.o base/FileUtil.o base/LogFile.o base/LogStream.o base/Logging.o base/Thread.o
#  Phony target (prerequisite of .PHONY).
#  Implicit rule search has not been done.
#  File does not exist.
#  File has not been updated.

# Not a target:
EventLoopThread.o:
#  Implicit rule search has been done.
#  Last modified 2022-08-11 21:02:55.068961697
#  File has been updated.
#  Successfully updated.

clean:
#  Phony target (prerequisite of .PHONY).
#  Implicit rule search has not been done.
#  File does not exist.
#  File has not been updated.
#  recipe to execute (from 'makefile', line 25):
	find . -name '*.o' | xargs rm -f

tests: LoggingTest HTTPClient
#  Phony target (prerequisite of .PHONY).
#  Implicit rule search has not been done.
#  File does not exist.
#  File has not been updated.

# Not a target:
Epoll.o:
#  Implicit rule search has been done.
#  Last modified 2022-08-11 21:02:53.860955799
#  File has been updated.
#  Successfully updated.

# Not a target:
HttpData.o:
#  Implicit rule search has been done.
#  Last modified 2022-08-11 21:02:57.408973038
#  File has been updated.
#  Successfully updated.

veryclean:
#  Phony target (prerequisite of .PHONY).
#  Implicit rule search has not been done.
#  File does not exist.
#  File has not been updated.
#  recipe to execute (from 'makefile', line 27):
	find . -name '*.o' | xargs rm -f
	find . -name $(TARGET) | xargs rm -f
	find . -name $(SUBTARGET1) | xargs rm -f
	find . -name $(SUBTARGET2) | xargs rm -f

# Not a target:
Main.o:
#  Implicit rule search has been done.
 
#  Last modified 2022-08-11 21:08:45.585667775
#  File has been updated.
#  Successfully updated.

# Not a target:
.DEFAULT:
#  Implicit rule search has not been done.
#  Modification time never checked.
#  File has not been updated.

all: WebServer LoggingTest HTTPClient
#  Phony target (prerequisite of .PHONY).
#  Command line target.
#  Implicit rule search has not been done.
#  File does not exist.
#  File has been updated.
#  Needs to be updated (-q is set).
# variable set hash-table stats:
# Load=0/32=0%, Rehash=0, Collisions=0/7=0%

# Not a target:
tests/HTTPClient.o:
#  Implicit rule search has not been done.
#  Modification time never checked.
#  File has not been updated.

HTTPClient: Channel.o Epoll.o EventLoop.o EventLoopThread.o EventLoopThreadPool.o HttpData.o Server.o Timer.o Util.o base/AsyncLogging.o base/FileUtil.o base/LogFile.o base/LogStream.o base/Logging.o base/Thread.o tests/HTTPClient.o
#  Implicit rule search has not been done.
#  Modification time never checked.
#  File has not been updated.
#  recipe to execute (from 'makefile', line 42):
	$(CC) $(CXXFLAGS) -o $@ $^ $(LDFLAGS) $(LIBS)

# Not a target:
Server.o:
#  Implicit rule search has been done.
#  Last modified 2022-08-11 21:02:58.176976736
#  File has been updated.
#  Successfully updated.

# Not a target:
EventLoop.o:
#  Implicit rule search has been done.
#  Last modified 2022-08-11 21:02:54.620959512
#  File has been updated.
#  Successfully updated.

# Not a target:
Util.o:
#  Implicit rule search has been done.
#  Last modified 2022-08-11 21:02:59.088981113
#  File has been updated.
#  Successfully updated.

# Not a target:
base/LogFile.o:
#  Implicit rule search has been done.
#  Last modified 2022-08-11 21:03:57.505227919
#  File has been updated.
#  Successfully updated.

# Not a target:
base/FileUtil.o:
#  Implicit rule search has been done.
#  Last modified 2022-08-11 21:03:57.237226933
#  File has been updated.
#  Successfully updated.

# Not a target:
base/Thread.o:
#  Implicit rule search has been done.
#  Last modified 2022-08-11 21:08:45.045667916
#  File has been updated.
#  Successfully updated.

rebuild: veryclean all
#  Phony target (prerequisite of .PHONY).
#  Implicit rule search has not been done.
#  File does not exist.
#  File has not been updated.

# Not a target:
makefile:
#  Implicit rule search has been done.
#  Last modified 2022-08-11 21:22:24.148255694
#  File has been updated.
#  Successfully updated.

# Not a target:
base/AsyncLogging.o:
#  Implicit rule search has been done.
#  Last modified 2022-08-11 21:03:57.069226314
#  File has been updated.
#  Successfully updated.

# Not a target:
base/tests/LoggingTest.o:
#  Implicit rule search has not been done.
#  Modification time never checked.
#  File has not been updated.

# Not a target:
Timer.o:
#  Implicit rule search has been done.
#  Last modified 2022-08-11 21:02:58.768979578
#  File has been updated.
#  Successfully updated.

# Not a target:
.SUFFIXES:
#  Implicit rule search has not been done.
#  Modification time never checked.
#  File has not been updated.

.PHONY: objs clean veryclean rebuild all tests debug
#  Implicit rule search has not been done.
#  Modification time never checked.
#  File has not been updated.

# Not a target:
EventLoopThreadPool.o:
#  Implicit rule search has been done.
#  Last modified 2022-08-11 21:02:55.596964264
#  File has been updated.
#  Successfully updated.

# Not a target:
base/LogStream.o:
#  Implicit rule search has been done.
#  Last modified 2022-08-11 21:08:44.733667994
#  File has been updated.
#  Successfully updated.

# files hash-table stats:
# Load=32/1024=3%, Rehash=0, Collisions=6/130=5%
# VPATH Search Paths

# No 'vpath' search paths.

# No general ('VPATH' variable) search path.

# strcache buffers: 1 (0) / strings = 85 / storage = 991 B / avg = 11 B
# current buf: size = 8162 B / used = 991 B / count = 85 / avg = 11 B

# strcache performance: lookups = 176 / hit rate = 51%
# hash-table stats:
# Load=85/8192=1%, Rehash=0, Collisions=0/176=0%
# Finished Make data base on Thu Aug 11 21:22:27 2022

 
